2025-11-13 20:33:46,875 - INFO - Программа запущена
2025-11-13 20:33:53,677 - INFO - Пользователь выбрал пункт меню: 2
2025-11-13 20:33:59,510 - INFO - Функция generate_matrix(3, 2) вызвана
2025-11-13 20:33:59,510 - INFO - Функция generate_matrix() завершила генерацию
2025-11-13 20:33:59,510 - INFO - Сгенерирована случайная матрица 3x2
2025-11-13 20:34:01,515 - INFO - Пользователь выбрал пункт меню: 5
2025-11-13 20:34:01,515 - INFO - Программа завершена пользователем
2025-11-13 20:35:48,162 - INFO - Программа запущена
2025-11-13 20:36:00,931 - INFO - Пользователь выбрал пункт меню: 2
2025-11-13 20:36:02,987 - INFO - Функция generate_matrix(3, 2) вызвана
2025-11-13 20:36:02,987 - INFO - Функция generate_matrix() завершила генерацию
2025-11-13 20:36:02,987 - INFO - Сгенерирована случайная матрица 3x2
2025-11-13 20:36:07,970 - INFO - Пользователь выбрал пункт меню: 3
2025-11-13 20:36:11,606 - INFO - Функция rotate_matrix(direction=clockwise) вызвана
2025-11-13 20:36:11,607 - INFO - Функция rotate_matrix() завершила выполнение
2025-11-13 20:36:11,607 - INFO - Матрица повернута в направлении: clockwise
2025-11-13 20:36:20,536 - INFO - Пользователь выбрал пункт меню: 5
2025-11-13 20:36:20,536 - INFO - Программа завершена пользователем
2025-11-30 18:25:09,593 - INFO - Программа запущена
2025-11-30 18:25:16,343 - INFO - Пользователь выбрал пункт меню: 2
2025-11-30 18:25:19,529 - INFO - Функция generate_matrix(2, 3) вызвана
2025-11-30 18:25:19,529 - INFO - Функция generate_matrix() завершила генерацию
2025-11-30 18:25:19,529 - INFO - Сгенерирована случайная матрица 2x3
2025-11-30 18:25:32,593 - INFO - Пользователь выбрал пункт меню: 3
2025-11-30 18:25:51,486 - INFO - Функция rotate_matrix(direction=clockwise) вызвана
2025-11-30 18:25:51,486 - INFO - Функция rotate_matrix() завершила выполнение
2025-11-30 18:25:51,486 - INFO - Матрица повернута в направлении: clockwise
2025-11-30 18:26:40,715 - INFO - Пользователь выбрал пункт меню: 5
2025-11-30 18:26:40,715 - INFO - Программа завершена пользователем
