2025-12-03 22:24:22,155 - INFO - Программа запущена
2025-12-03 22:24:33,308 - INFO - Пользователь выбрал пункт меню: 3
2025-12-03 22:24:33,308 - INFO - Состояние: NO_DATA
2025-12-03 22:24:33,308 - WARNING - NoDataError: Сначала введите или сгенерируйте матрицу!
2025-12-03 22:24:35,223 - INFO - Пользователь выбрал пункт меню: 2
2025-12-03 22:24:35,223 - INFO - Состояние: NO_DATA
2025-12-03 22:24:37,506 - INFO - Функция generate_matrix(2, 3) вызвана
2025-12-03 22:24:37,506 - INFO - Функция generate_matrix() завершила генерацию
2025-12-03 22:24:37,506 - INFO - Сгенерирована случайная матрица 2x3
2025-12-03 22:24:43,721 - INFO - Пользователь выбрал пункт меню: 4
2025-12-03 22:24:43,721 - INFO - Состояние: HAS_DATA
2025-12-03 22:24:43,721 - WARNING - AlgorithmNotExecutedError: Сначала выполните алгоритм!
2025-12-03 22:24:46,027 - INFO - Пользователь выбрал пункт меню: 3
2025-12-03 22:24:46,027 - INFO - Состояние: HAS_DATA
2025-12-03 22:24:50,376 - WARNING - Ошибка при вводе направления: Направление поворота должно быть 'clockwise' или 'counterclockwise'
2025-12-03 22:24:54,254 - INFO - Пользователь выбрал пункт меню: 3
2025-12-03 22:24:54,254 - INFO - Состояние: HAS_DATA
2025-12-03 22:24:57,631 - INFO - Функция rotate_matrix(direction=clockwise) вызвана
2025-12-03 22:24:57,631 - INFO - Функция rotate_matrix() завершила выполнение
2025-12-03 22:24:57,631 - INFO - Матрица повернута в направлении: clockwise
2025-12-03 22:25:08,840 - INFO - Пользователь выбрал пункт меню: 4
2025-12-03 22:25:08,840 - INFO - Состояние: HAS_RESULT
2025-12-03 22:25:08,840 - INFO - Результат выведен на экран
