2025-11-04 18:15:41,612 - INFO - Программа запущена
2025-11-04 18:15:47,471 - INFO - Пользователь выбрал пункт меню: 2
2025-11-04 18:15:54,204 - INFO - Вызвана функция generate_matrix(3, 3)
2025-11-04 18:16:03,958 - INFO - Пользователь выбрал пункт меню: 3
2025-11-04 18:16:12,216 - INFO - Вызвана функция rotate_matrix(direction=clockwise)
2025-11-04 18:16:36,350 - INFO - Пользователь выбрал пункт меню: 5
2025-11-04 18:16:36,350 - INFO - Программа завершена пользователем
2025-11-04 18:31:18,208 - INFO - Программа запущена
2025-11-04 18:31:29,745 - INFO - Пользователь выбрал пункт меню: 4
2025-11-04 18:31:29,745 - WARNING - Попытка вывода без результата
2025-11-04 18:31:33,902 - CRITICAL - Программа прервана пользователем (Ctrl+C).
2025-11-04 19:04:01,671 - INFO - Программа запущена
2025-11-04 19:04:06,583 - INFO - Пользователь выбрал пункт меню: 3
2025-11-04 19:04:06,583 - WARNING - Попытка выполнить алгоритм без данных
2025-11-04 19:04:06,583 - ERROR - Сначала введите или сгенерируйте матрицу!
2025-11-04 19:08:56,182 - INFO - Программа запущена
2025-11-04 19:09:02,255 - INFO - Пользователь выбрал пункт меню: 3
2025-11-04 19:09:02,256 - WARNING - Попытка поворота без данных
2025-11-04 19:09:07,703 - INFO - Пользователь выбрал пункт меню: 4
2025-11-04 19:09:07,703 - WARNING - Попытка вывода без результата
2025-11-04 19:09:11,522 - CRITICAL - Программа прервана пользователем (Ctrl+C).
2025-11-04 19:13:15,901 - INFO - Программа запущена
2025-11-04 19:13:23,420 - INFO - Пользователь выбрал пункт меню: 2
2025-11-04 19:13:26,628 - INFO - Функция generate_matrix(2, 3) вызвана
2025-11-04 19:13:26,628 - INFO - Функция generate_matrix() завершила генерацию
2025-11-04 19:13:26,628 - INFO - Сгенерирована матрица 2x3
2025-11-04 19:14:34,473 - CRITICAL - Программа прервана пользователем (Ctrl+C)
2025-11-04 19:14:36,290 - INFO - Программа запущена
2025-11-04 19:14:40,442 - INFO - Пользователь выбрал пункт меню: 2
2025-11-04 19:14:43,089 - INFO - Функция generate_matrix(2, 3) вызвана
2025-11-04 19:14:43,089 - INFO - Функция generate_matrix() завершила генерацию
2025-11-04 19:14:43,089 - INFO - Сгенерирована матрица 2x3
2025-11-04 19:14:49,575 - INFO - Пользователь выбрал пункт меню: 4
2025-11-04 19:14:49,575 - WARNING - Попытка вывести результат до выполнения алгоритма: Сначала выполните алгоритм!
2025-11-04 19:14:53,768 - INFO - Пользователь выбрал пункт меню: 3
2025-11-04 19:15:00,629 - INFO - Функция rotate_matrix(direction=clock) вызвана
2025-11-04 19:15:00,629 - ERROR - Ошибка в rotate_matrix: Некорректное направление поворота. Используйте 'clockwise' или 'counterclockwise'.
2025-11-04 19:15:00,629 - INFO - Матрица повернута: clock
2025-11-04 19:15:00,630 - ERROR - Произошла ошибка: 'NoneType' object is not iterable
2025-11-04 19:15:11,312 - INFO - Пользователь выбрал пункт меню: 4
2025-11-04 19:15:11,312 - WARNING - Попытка вывести результат до выполнения алгоритма: Сначала выполните алгоритм!
2025-11-04 19:15:14,659 - INFO - Пользователь выбрал пункт меню: 3
2025-11-04 19:15:23,354 - INFO - Функция rotate_matrix(direction=clockwise) вызвана
2025-11-04 19:15:23,354 - INFO - Функция rotate_matrix() завершила выполнение
2025-11-04 19:15:23,354 - INFO - Матрица повернута: clockwise
2025-11-04 19:15:53,978 - INFO - Пользователь выбрал пункт меню: 4
2025-11-04 19:15:53,978 - INFO - Результат выведен
2025-11-04 19:15:58,370 - CRITICAL - Программа прервана пользователем (Ctrl+C)
