2025-11-28 16:29:39,458 - INFO - Сервер матричных операций инициализирован
2025-11-28 16:29:41,494 - INFO - Сервер Клиент1: получен запрос на операцию 'rotate'
2025-11-28 16:29:41,494 - INFO - Сервер Клиент1: направление поворота - clockwise
2025-11-28 16:29:41,494 - INFO - Сервер Клиент1: размер матрицы - 2x2
2025-11-28 16:29:41,494 - INFO - Сервер Клиент1: эмуляция вычислений 3.79 сек
2025-11-28 16:29:41,993 - INFO - Сервер Клиент2: получен запрос на операцию 'rotate'
2025-11-28 16:29:41,993 - INFO - Сервер Клиент2: направление поворота - counterclockwise
2025-11-28 16:29:42,015 - INFO - Сервер Клиент2: размер матрицы - 3x3
2025-11-28 16:29:42,015 - INFO - Сервер Клиент2: эмуляция вычислений 2.94 сек
2025-11-28 16:29:42,498 - INFO - Сервер Клиент3: получен запрос на операцию 'rotate'
2025-11-28 16:29:42,499 - INFO - Сервер Клиент3: направление поворота - clockwise
2025-11-28 16:29:42,499 - INFO - Сервер Клиент3: размер матрицы - 4x2
2025-11-28 16:29:42,499 - INFO - Сервер Клиент3: эмуляция вычислений 2.23 сек
2025-11-28 16:29:44,732 - INFO - Сервер Клиент3: выполнение операции поворота
2025-11-28 16:29:44,732 - INFO - Сервер Клиент3: операция поворота завершена успешно
2025-11-28 16:29:44,732 - INFO - Сервер Клиент3: размер результата - 2x4
2025-11-28 16:29:44,732 - INFO - Сервер Клиент3: общее время обработки - 2.23 сек
2025-11-28 16:29:44,732 - INFO - Сервер Клиент3: всего обработано запросов - 1
2025-11-28 16:29:44,958 - INFO - Сервер Клиент2: выполнение операции поворота
2025-11-28 16:29:44,958 - INFO - Сервер Клиент2: операция поворота завершена успешно
2025-11-28 16:29:44,958 - INFO - Сервер Клиент2: размер результата - 3x3
2025-11-28 16:29:44,958 - INFO - Сервер Клиент2: общее время обработки - 2.94 сек
2025-11-28 16:29:44,958 - INFO - Сервер Клиент2: всего обработано запросов - 2
2025-11-28 16:29:45,304 - INFO - Сервер Клиент1: выполнение операции поворота
2025-11-28 16:29:45,304 - INFO - Сервер Клиент1: операция поворота завершена успешно
2025-11-28 16:29:45,304 - INFO - Сервер Клиент1: размер результата - 2x2
2025-11-28 16:29:45,304 - INFO - Сервер Клиент1: общее время обработки - 3.79 сек
2025-11-28 16:29:45,304 - INFO - Сервер Клиент1: всего обработано запросов - 3
